<?xml version="1.0" encoding="UTF-8"?>
<!-- Generated by org.testng.reporters.JUnitReportReporter -->
<testsuite skipped="0" hostname="DESKTOP-UD53A8A" name="test.LoginTest" tests="1" failures="0" timestamp="2022-06-28T17:46:59 CDT" time="6.130" errors="0">
  <testcase name="validUserShouldAbleToLogin" time="6.130" classname="test.LoginTest"/>
  <system-out/>
</testsuite> <!-- test.LoginTest -->
